\BOOKMARK [0][-]{chapter*.1}{\376\377\000D\000e\000c\000l\000a\000r\000a\000t\000i\000o\000n}{}% 1
\BOOKMARK [0][-]{chapter*.2}{\376\377\000A\000b\000s\000t\000r\000a\000c\000t}{}% 2
\BOOKMARK [0][-]{chapter*.4}{\376\377\000L\000i\000s\000t\000\040\000o\000f\000\040\000F\000i\000g\000u\000r\000e\000s}{}% 3
\BOOKMARK [0][-]{chapter*.5}{\376\377\000L\000i\000s\000t\000\040\000o\000f\000\040\000T\000a\000b\000l\000e\000s}{}% 4
\BOOKMARK [0][-]{chapter*.6}{\376\377\000N\000o\000m\000e\000n\000c\000l\000a\000t\000u\000r\000e}{}% 5
\BOOKMARK [0][-]{chapter.1}{\376\377\000I\000n\000t\000r\000o\000d\000u\000c\000t\000i\000o\000n}{}% 6
\BOOKMARK [0][-]{chapter.2}{\376\377\000L\000i\000t\000e\000r\000a\000t\000u\000r\000e\000\040\000R\000e\000v\000i\000e\000w}{}% 7
\BOOKMARK [1][-]{section.2.1}{\376\377\000T\000h\000e\000o\000r\000y\000\040\000a\000n\000d\000\040\000a\000p\000p\000l\000i\000c\000a\000t\000i\000o\000n\000s\000\040\000o\000f\000\040\000s\000u\000p\000e\000r\000c\000o\000n\000d\000u\000c\000t\000i\000v\000i\000t\000y}{chapter.2}% 8
\BOOKMARK [2][-]{subsection.2.1.1}{\376\377\000S\000u\000p\000e\000r\000c\000o\000n\000d\000u\000c\000t\000i\000v\000i\000t\000y}{section.2.1}% 9
\BOOKMARK [2][-]{subsection.2.1.2}{\376\377\000T\000h\000e\000\040\000J\000o\000s\000e\000p\000h\000s\000o\000n\000\040\000j\000u\000n\000c\000t\000i\000o\000n}{section.2.1}% 10
\BOOKMARK [2][-]{subsection.2.1.3}{\376\377\000S\000Q\000U\000I\000D\000s}{section.2.1}% 11
\BOOKMARK [2][-]{subsection.2.1.4}{\376\377\000P\000r\000a\000c\000t\000i\000c\000a\000l\000\040\000D\000C\000\040\000S\000Q\000U\000I\000D\000S\000\040\000a\000n\000d\000\040\000d\000e\000s\000i\000g\000n\000\040\000c\000o\000n\000s\000i\000d\000e\000r\000a\000t\000i\000o\000n\000s}{section.2.1}% 12
\BOOKMARK [1][-]{section.2.2}{\376\377\000N\000o\000i\000s\000e\000\040\000i\000n\000\040\000S\000Q\000U\000I\000D\000S}{chapter.2}% 13
\BOOKMARK [2][-]{subsection.2.2.1}{\376\377\0001\000/\000f\000\040\000f\000l\000u\000x\000\040\000n\000o\000i\000s\000e}{section.2.2}% 14
\BOOKMARK [2][-]{subsection.2.2.2}{\376\377\000T\000e\000c\000h\000n\000i\000q\000u\000e\000s\000\040\000f\000o\000r\000\040\000p\000r\000e\000d\000i\000c\000t\000i\000n\000g\000\040\000m\000e\000a\000n\000\040\000s\000q\000u\000a\000r\000e\000\040\000f\000l\000u\000x\000\040\000n\000o\000i\000s\000e}{section.2.2}% 15
\BOOKMARK [0][-]{chapter.3}{\376\377\000S\000o\000l\000u\000t\000i\000o\000n\000\040\000d\000e\000v\000e\000l\000o\000p\000m\000e\000n\000t}{}% 16
\BOOKMARK [1][-]{section.3.1}{\376\377\000D\000e\000s\000i\000g\000n\000\040\000g\000o\000a\000l\000s}{chapter.3}% 17
\BOOKMARK [1][-]{section.3.2}{\376\377\000H\000i\000g\000h\000\040\000L\000e\000v\000e\000l\000\040\000S\000y\000s\000t\000e\000m\000\040\000D\000e\000s\000i\000g\000n}{chapter.3}% 18
\BOOKMARK [2][-]{subsection.3.2.1}{\376\377\000I\000n\000d\000u\000c\000t\000E\000x}{section.3.2}% 19
\BOOKMARK [2][-]{subsection.3.2.2}{\376\377\000G\000M\000S\000H}{section.3.2}% 20
\BOOKMARK [2][-]{subsection.3.2.3}{\376\377\000T\000e\000t\000r\000a\000H\000e\000n\000r\000y\000\040\000\050\000T\000T\000H\000\051}{section.3.2}% 21
\BOOKMARK [1][-]{section.3.3}{\376\377\000D\000e\000t\000a\000i\000l\000e\000d\000\040\000D\000e\000s\000i\000g\000n}{chapter.3}% 22
\BOOKMARK [2][-]{subsection.3.3.1}{\376\377\000C\000h\000o\000i\000c\000e\000\040\000o\000f\000\040\000p\000r\000o\000g\000r\000a\000m\000m\000i\000n\000g\000\040\000l\000a\000n\000g\000u\000a\000g\000e}{section.3.3}% 23
\BOOKMARK [2][-]{subsection.3.3.2}{\376\377\000T\000h\000e\000\040\000m\000e\000s\000h\000\040\000o\000p\000t\000i\000m\000i\000s\000a\000t\000i\000o\000n\000\040\000m\000o\000d\000u\000l\000e}{section.3.3}% 24
\BOOKMARK [2][-]{subsection.3.3.3}{\376\377\000T\000h\000e\000\040\000n\000o\000i\000s\000e\000\040\000e\000x\000t\000r\000a\000c\000t\000i\000o\000n\000\040\000m\000o\000d\000u\000l\000e}{section.3.3}% 25
\BOOKMARK [0][-]{chapter.4}{\376\377\000R\000e\000s\000u\000l\000t\000s}{}% 26
\BOOKMARK [1][-]{section.4.1}{\376\377\000T\000h\000e\000\040\000n\000o\000i\000s\000e\000\040\000e\000x\000t\000r\000a\000c\000t\000i\000o\000n\000\040\000m\000o\000d\000u\000l\000e}{chapter.4}% 27
\BOOKMARK [2][-]{subsection.4.1.1}{\376\377\000T\000e\000s\000t\000\040\000s\000e\000t\000u\000p}{section.4.1}% 28
\BOOKMARK [2][-]{subsection.4.1.2}{\376\377\000R\000e\000s\000u\000l\000t\000s}{section.4.1}% 29
\BOOKMARK [1][-]{section.4.2}{\376\377\000T\000h\000e\000\040\000m\000e\000s\000h\000\040\000o\000p\000t\000i\000m\000i\000s\000a\000t\000i\000o\000n\000\040\000m\000o\000d\000u\000l\000e}{chapter.4}% 30
\BOOKMARK [2][-]{subsection.4.2.1}{\376\377\000T\000e\000s\000t\000\040\000s\000e\000t\000u\000p}{section.4.2}% 31
\BOOKMARK [2][-]{subsection.4.2.2}{\376\377\000R\000e\000s\000u\000l\000t\000s}{section.4.2}% 32
\BOOKMARK [1][-]{section.4.3}{\376\377\000C\000o\000m\000p\000a\000r\000i\000s\000o\000n\000\040\000w\000i\000t\000h\000\040\000t\000h\000e\000\040\000r\000e\000s\000u\000l\000t\000s\000\040\000o\000f\000\040\000S\000.\000M\000.\000\040\000A\000n\000t\000o\000n\000\040\000e\000t\000\040\000a\000l\000.}{chapter.4}% 33
\BOOKMARK [2][-]{subsection.4.3.1}{\376\377\000T\000e\000s\000t\000\040\000S\000e\000t\000u\000p}{section.4.3}% 34
\BOOKMARK [2][-]{subsection.4.3.2}{\376\377\000R\000e\000s\000u\000l\000t\000s}{section.4.3}% 35
\BOOKMARK [1][-]{section.4.4}{\376\377\000C\000o\000m\000p\000a\000r\000i\000s\000o\000n\000\040\000w\000i\000t\000h\000\040\000a\000c\000t\000u\000a\000l\000\040\000S\000Q\000U\000I\000D\000\040\000d\000e\000s\000i\000g\000n\000s}{chapter.4}% 36
\BOOKMARK [2][-]{subsection.4.4.1}{\376\377\000T\000e\000s\000t\000\040\000s\000e\000t\000u\000p}{section.4.4}% 37
\BOOKMARK [2][-]{subsection.4.4.2}{\376\377\000R\000e\000s\000u\000l\000t\000s}{section.4.4}% 38
\BOOKMARK [0][-]{chapter.5}{\376\377\000S\000u\000m\000m\000a\000r\000y\000\040\000a\000n\000d\000\040\000C\000o\000n\000c\000l\000u\000s\000i\000o\000n}{}% 39
\BOOKMARK [0][-]{chapter*.34}{\376\377\000B\000i\000b\000l\000i\000o\000g\000r\000a\000p\000h\000y}{}% 40
\BOOKMARK [0][-]{appendix.A}{\376\377\000E\000x\000a\000m\000p\000l\000e\000\040\000s\000e\000t\000t\000i\000n\000g\000s\000\040\000f\000i\000l\000e}{}% 41
\BOOKMARK [0][-]{appendix.B}{\376\377\000P\000r\000o\000j\000e\000c\000t\000\040\000P\000l\000a\000n\000n\000i\000n\000g\000\040\000S\000c\000h\000e\000d\000u\000l\000e}{}% 42
\BOOKMARK [0][-]{appendix.C}{\376\377\000O\000u\000t\000c\000o\000m\000e\000s\000\040\000C\000o\000m\000p\000l\000i\000a\000n\000c\000e}{}% 43
\BOOKMARK [1][-]{section.C.1}{\376\377\000G\000A\000\040\0001\000.\000\040\000P\000r\000o\000b\000l\000e\000m\000\040\000S\000o\000l\000v\000i\000n\000g}{appendix.C}% 44
\BOOKMARK [1][-]{section.C.2}{\376\377\000G\000A\000\040\0002\000.\000\040\000A\000p\000p\000l\000i\000c\000a\000t\000i\000o\000n\000\040\000o\000f\000\040\000S\000c\000i\000e\000n\000t\000i\000f\000i\000c\000\040\000a\000n\000d\000\040\000E\000n\000g\000i\000n\000e\000e\000r\000i\000n\000g\000\040\000K\000n\000o\000w\000l\000e\000d\000g\000e}{appendix.C}% 45
\BOOKMARK [1][-]{section.C.3}{\376\377\000G\000A\000\040\0003\000.\000\040\000E\000n\000g\000i\000n\000e\000e\000r\000i\000n\000g\000\040\000D\000e\000s\000i\000g\000n}{appendix.C}% 46
\BOOKMARK [1][-]{section.C.4}{\376\377\000G\000A\000\040\0004\000.\000\040\000I\000n\000v\000e\000s\000t\000i\000g\000a\000t\000i\000o\000n\000s\000,\000\040\000e\000x\000p\000e\000r\000i\000m\000e\000n\000t\000s\000\040\000a\000n\000d\000\040\000d\000a\000t\000a\000\040\000a\000n\000a\000l\000y\000s\000i\000s}{appendix.C}% 47
\BOOKMARK [1][-]{section.C.5}{\376\377\000G\000A\000\040\0005\000.\000\040\000E\000n\000g\000i\000n\000e\000e\000r\000i\000n\000g\000\040\000m\000e\000t\000h\000o\000d\000s\000,\000\040\000s\000k\000i\000l\000l\000s\000\040\000a\000n\000d\000\040\000t\000o\000o\000l\000s\000,\000\040\000i\000n\000c\000l\000u\000d\000i\000n\000g\000\040\000I\000n\000f\000o\000r\000m\000a\000t\000i\000o\000n\000\040\000T\000e\000c\000h\000n\000o\000l\000o\000g\000y}{appendix.C}% 48
\BOOKMARK [1][-]{section.C.6}{\376\377\000G\000A\000\040\0006\000.\000\040\000P\000r\000o\000f\000e\000s\000s\000i\000o\000n\000a\000l\000\040\000a\000n\000d\000\040\000t\000e\000c\000h\000n\000i\000c\000a\000l\000\040\000c\000o\000m\000m\000u\000n\000i\000c\000a\000t\000i\000o\000n}{appendix.C}% 49
\BOOKMARK [1][-]{section.C.7}{\376\377\000G\000A\000\040\0008\000.\000\040\000I\000n\000d\000i\000v\000i\000d\000u\000a\000l\000\040\000w\000o\000r\000k}{appendix.C}% 50
\BOOKMARK [1][-]{section.C.8}{\376\377\000G\000A\000\040\0009\000.\000\040\000I\000n\000d\000e\000p\000e\000n\000d\000e\000n\000t\000\040\000L\000e\000a\000r\000n\000i\000n\000g\000\040\000A\000b\000i\000l\000i\000t\000y}{appendix.C}% 51
